#
# There is insufficient memory for the Java Runtime Environment to continue.
# Native memory allocation (mmap) failed to map 268435456 bytes for G1 virtual space
# Possible reasons:
#   The system is out of physical RAM or swap space
#   The process is running with CompressedOops enabled, and the Java Heap may be blocking the growth of the native heap
# Possible solutions:
#   Reduce memory load on the system
#   Increase physical memory or swap space
#   Check if swap backing store is full
#   Decrease Java heap size (-Xmx/-Xms)
#   Decrease number of Java threads
#   Decrease Java thread stack sizes (-Xss)
#   Set larger code cache with -XX:ReservedCodeCacheSize=
#   JVM is running with Zero Based Compressed Oops mode in which the Java heap is
#     placed in the first 32GB address space. The Java Heap base address is the
#     maximum limit for the native heap growth. Please use -XX:HeapBaseMinAddress
#     to set the Java Heap base and to place the Java Heap above 32GB virtual address.
# This output file may be truncated or incomplete.
#
#  Out of Memory Error (os_windows.cpp:3469), pid=13844, tid=13868
#
# JRE version:  (17.0+35) (build )
# Java VM: OpenJDK 64-Bit Server VM (17+35-2724, mixed mode, emulated-client, sharing, tiered, compressed oops, compressed class ptrs, g1 gc, windows-amd64)
# No core dump will be written. Minidumps are not enabled by default on client versions of Windows
#

---------------  S U M M A R Y ------------

Command Line: -XX:TieredStopAtLevel=1 com.test.api.cliente.BackEndApplication

Host: Intel(R) Core(TM) i7-8700K CPU @ 3.70GHz, 12 cores, 15G,  Windows 10 , 64 bit Build 19041 (10.0.19041.1889)
Time: Mon Oct 10 11:53:06 2022 E. South America Standard Time elapsed time: 0.008357 seconds (0d 0h 0m 0s)

---------------  T H R E A D  ---------------

Current thread (0x0000016886432b60):  JavaThread "Unknown thread" [_thread_in_vm, id=13868, stack(0x0000003c29e00000,0x0000003c29f00000)]

Stack: [0x0000003c29e00000,0x0000003c29f00000]
Native frames: (J=compiled Java code, j=interpreted, Vv=VM code, C=native code)
V  [jvm.dll+0x66f8ea]
V  [jvm.dll+0x7ce224]
V  [jvm.dll+0x7cf9ce]
V  [jvm.dll+0x7d0033]
V  [jvm.dll+0x242bb5]
V  [jvm.dll+0x66c909]
V  [jvm.dll+0x6613d2]
V  [jvm.dll+0x30082b]
V  [jvm.dll+0x307db6]
V  [jvm.dll+0x357a0e]
V  [jvm.dll+0x357c3f]
V  [jvm.dll+0x2d7ae8]
V  [jvm.dll+0x2d8a54]
V  [jvm.dll+0x7a00a1]
V  [jvm.dll+0x365781]
V  [jvm.dll+0x77f59c]
V  [jvm.dll+0x3e805f]
V  [jvm.dll+0x3e9b01]
C  [jli.dll+0x527b]
C  [ucrtbase.dll+0x21bb2]
C  [KERNEL32.DLL+0x17034]
C  [ntdll.dll+0x526a1]


---------------  P R O C E S S  ---------------

Threads class SMR info:
_java_thread_list=0x00007ff96aae7818, length=0, elements={
}

Java Threads: ( => current thread )

Other Threads:
  0x0000016886484840 GCTaskThread "GC Thread#0" [stack: 0x0000003c29f00000,0x0000003c2a000000] [id=1884]
  0x00000168864966d0 ConcurrentGCThread "G1 Main Marker" [stack: 0x0000003c2a000000,0x0000003c2a100000] [id=12516]
  0x00000168864970e0 ConcurrentGCThread "G1 Conc#0" [stack: 0x0000003c2a100000,0x0000003c2a200000] [id=4276]

[error occurred during error reporting (printing all threads), id 0xc0000005, EXCEPTION_ACCESS_VIOLATION (0xc0000005) at pc=0x00007ff96a3384c7]

VM state: not at safepoint (not fully initialized)

VM Mutex/Monitor currently owned by a thread:  ([mutex/lock_event])
[0x000001688642f220] Heap_lock - owner thread: 0x0000016886432b60

Heap address: 0x0000000700c00000, size: 4084 MB, Compressed Oops mode: Zero based, Oop shift amount: 3

CDS archive(s) mapped at: [0x0000000000000000-0x0000000000000000-0x0000000000000000), size 0, SharedBaseAddress: 0x0000000800000000, ArchiveRelocationMode: 0.
Narrow klass base: 0x0000000000000000, Narrow klass shift: 0, Narrow klass range: 0x0

GC Precious Log:
<Empty>

Heap:
 garbage-first heap   total 0K, used 0K [0x0000000700c00000, 0x0000000800000000)
  region size 2048K, 0 young (0K), 0 survivors (0K)

[error occurred during error reporting (printing heap information), id 0xc0000005, EXCEPTION_ACCESS_VIOLATION (0xc0000005) at pc=0x00007ff96a718c59]

GC Heap History (0 events):
No events

Deoptimization events (0 events):
No events

Classes unloaded (0 events):
No events

Classes redefined (0 events):
No events

Internal exceptions (0 events):
No events

VM Operations (0 events):
No events

Events (1 events):
Event: 0.005 Loaded shared library C:\Users\Felipe\.jdks\openjdk-17\bin\java.dll


Dynamic libraries:
0x00007ff605550000 - 0x00007ff60555e000 	C:\Users\Felipe\.jdks\openjdk-17\bin\java.exe
0x00007ff9ef230000 - 0x00007ff9ef428000 	C:\WINDOWS\SYSTEM32\ntdll.dll
0x00007ff9ed260000 - 0x00007ff9ed31d000 	C:\WINDOWS\System32\KERNEL32.DLL
0x00007ff9eca20000 - 0x00007ff9eccee000 	C:\WINDOWS\System32\KERNELBASE.dll
0x00007ff9ec920000 - 0x00007ff9eca20000 	C:\WINDOWS\System32\ucrtbase.dll
0x00007ff9d0940000 - 0x00007ff9d095a000 	C:\Users\Felipe\.jdks\openjdk-17\bin\VCRUNTIME140.dll
0x00007ff9d1c20000 - 0x00007ff9d1c38000 	C:\Users\Felipe\.jdks\openjdk-17\bin\jli.dll
0x00007ff9eded0000 - 0x00007ff9ee070000 	C:\WINDOWS\System32\USER32.dll
0x00007ff9eccf0000 - 0x00007ff9ecd12000 	C:\WINDOWS\System32\win32u.dll
0x00007ff9dc2d0000 - 0x00007ff9dc56a000 	C:\WINDOWS\WinSxS\amd64_microsoft.windows.common-controls_6595b64144ccf1df_6.0.19041.1110_none_60b5254171f9507e\COMCTL32.dll
0x00007ff9ed920000 - 0x00007ff9ed94a000 	C:\WINDOWS\System32\GDI32.dll
0x00007ff9ee070000 - 0x00007ff9ee10e000 	C:\WINDOWS\System32\msvcrt.dll
0x00007ff9ed150000 - 0x00007ff9ed25b000 	C:\WINDOWS\System32\gdi32full.dll
0x00007ff9ed0b0000 - 0x00007ff9ed14d000 	C:\WINDOWS\System32\msvcp_win.dll
0x00007ff9ee4f0000 - 0x00007ff9ee520000 	C:\WINDOWS\System32\IMM32.DLL
0x00007ff9e1890000 - 0x00007ff9e189c000 	C:\Users\Felipe\.jdks\openjdk-17\bin\vcruntime140_1.dll
0x00007ff9a6de0000 - 0x00007ff9a6e6d000 	C:\Users\Felipe\.jdks\openjdk-17\bin\msvcp140.dll
0x00007ff96a050000 - 0x00007ff96ac0e000 	C:\Users\Felipe\.jdks\openjdk-17\bin\server\jvm.dll
0x00007ff9ed320000 - 0x00007ff9ed3ce000 	C:\WINDOWS\System32\ADVAPI32.dll
0x00007ff9ee450000 - 0x00007ff9ee4ec000 	C:\WINDOWS\System32\sechost.dll
0x00007ff9ed950000 - 0x00007ff9eda75000 	C:\WINDOWS\System32\RPCRT4.dll
0x00007ff9ee2a0000 - 0x00007ff9ee2a8000 	C:\WINDOWS\System32\PSAPI.DLL
0x00007ff9e54f0000 - 0x00007ff9e5517000 	C:\WINDOWS\SYSTEM32\WINMM.dll
0x00007ff9d9550000 - 0x00007ff9d9559000 	C:\WINDOWS\SYSTEM32\WSOCK32.dll
0x00007ff9e6550000 - 0x00007ff9e655a000 	C:\WINDOWS\SYSTEM32\VERSION.dll
0x00007ff9ee2b0000 - 0x00007ff9ee31b000 	C:\WINDOWS\System32\WS2_32.dll
0x00007ff9eb1c0000 - 0x00007ff9eb1d2000 	C:\WINDOWS\SYSTEM32\kernel.appcore.dll
0x00007ff9e12a0000 - 0x00007ff9e12aa000 	C:\Users\Felipe\.jdks\openjdk-17\bin\jimage.dll
0x00007ff9ea690000 - 0x00007ff9ea874000 	C:\WINDOWS\SYSTEM32\DBGHELP.DLL
0x00007ff9d9e30000 - 0x00007ff9d9e5c000 	C:\WINDOWS\SYSTEM32\dbgcore.DLL
0x00007ff9ecd70000 - 0x00007ff9ecdf2000 	C:\WINDOWS\System32\bcryptPrimitives.dll
0x00007ff9cac70000 - 0x00007ff9cac95000 	C:\Users\Felipe\.jdks\openjdk-17\bin\java.dll

dbghelp: loaded successfully - version: 4.0.5 - missing functions: none
symbol engine: initialized successfully - sym options: 0x614 - pdb path: .;C:\Users\Felipe\.jdks\openjdk-17\bin;C:\WINDOWS\SYSTEM32;C:\WINDOWS\WinSxS\amd64_microsoft.windows.common-controls_6595b64144ccf1df_6.0.19041.1110_none_60b5254171f9507e;C:\Users\Felipe\.jdks\openjdk-17\bin\server

VM Arguments:
jvm_args: -XX:TieredStopAtLevel=1 
java_command: com.test.api.cliente.BackEndApplication
java_class_path (initial): D:\Felipe\Java\cliente\target\classes;C:\Users\Felipe\.m2\repository\org\springframework\spring-aop\5.3.23\spring-aop-5.3.23.jar;C:\Users\Felipe\.m2\repository\org\aspectj\aspectjweaver\1.9.7\aspectjweaver-1.9.7.jar;C:\Users\Felipe\.m2\repository\com\zaxxer\HikariCP\4.0.3\HikariCP-4.0.3.jar;C:\Users\Felipe\.m2\repository\org\springframework\spring-jdbc\5.3.23\spring-jdbc-5.3.23.jar;C:\Users\Felipe\.m2\repository\jakarta\transaction\jakarta.transaction-api\1.3.3\jakarta.transaction-api-1.3.3.jar;C:\Users\Felipe\.m2\repository\jakarta\persistence\jakarta.persistence-api\2.2.3\jakarta.persistence-api-2.2.3.jar;C:\Users\Felipe\.m2\repository\org\hibernate\hibernate-core\5.6.11.Final\hibernate-core-5.6.11.Final.jar;C:\Users\Felipe\.m2\repository\org\jboss\logging\jboss-logging\3.4.3.Final\jboss-logging-3.4.3.Final.jar;C:\Users\Felipe\.m2\repository\net\bytebuddy\byte-buddy\1.12.17\byte-buddy-1.12.17.jar;C:\Users\Felipe\.m2\repository\antlr\antlr\2.7.7\antlr-2.7.7.jar;C:\Users\Felipe\.m2\repository\org\jboss\jandex\2.4.2.Final\jandex-2.4.2.Final.jar;C:\Users\Felipe\.m2\repository\com\fasterxml\classmate\1.5.1\classmate-1.5.1.jar;C:\Users\Felipe\.m2\repository\org\hibernate\common\hibernate-commons-annotations\5.1.2.Final\hibernate-commons-annotations-5.1.2.Final.jar;C:\Users\Felipe\.m2\repository\org\glassfish\jaxb\jaxb-runtime\2.3.6\jaxb-runtime-2.3.6.jar;C:\Users\Felipe\.m2\repository\org\glassfish\jaxb\txw2\2.3.6\txw2-2.3.6.jar;C:\Users\Felipe\.m2\repository\com\sun\istack\istack-commons-runtime\3.0.12\istack-commons-runtime-3.0.12.jar;C:\Users\Felipe\.m2\repository\com\sun\activation\jakarta.activation\1.2.2\jakarta.activation-1.2.2.jar;C:\Users\Felipe\.m2\repository\org\springframework\data\spring-data-jpa\2.7.3\spring-data-jpa-2.7.3.jar;C:\Users\Felipe\.m2\repository\org\springframework\data\spring-data-commons\2.7.3\spring-data-commons-2.7.3.jar;C:\Users\Felipe\.m2\repository\org\springframework\spring-orm\5.3.23\spring-orm-5.3.23.jar;C
Launcher Type: SUN_STANDARD

[Global flags]
     intx CICompilerCount                          = 4                                         {product} {ergonomic}
     uint ConcGCThreads                            = 3                                         {product} {ergonomic}
     uint G1ConcRefinementThreads                  = 10                                        {product} {ergonomic}
   size_t G1HeapRegionSize                         = 2097152                                   {product} {ergonomic}
    uintx GCDrainStackTargetSize                   = 64                                        {product} {ergonomic}
   size_t InitialHeapSize                          = 268435456                                 {product} {ergonomic}
   size_t MarkStackSize                            = 4194304                                   {product} {ergonomic}
   size_t MaxHeapSize                              = 4282384384                                {product} {ergonomic}
   size_t MinHeapDeltaBytes                        = 2097152                                   {product} {ergonomic}
   size_t MinHeapSize                              = 8388608                                   {product} {ergonomic}
    uintx NonProfiledCodeHeapSize                  = 0                                      {pd product} {ergonomic}
     bool ProfileInterpreter                       = false                                  {pd product} {command line}
    uintx ProfiledCodeHeapSize                     = 0                                      {pd product} {ergonomic}
   size_t SoftMaxHeapSize                          = 4282384384                             {manageable} {ergonomic}
     intx TieredStopAtLevel                        = 1                                         {product} {command line}
     bool UseCompressedClassPointers               = true                           {product lp64_product} {ergonomic}
     bool UseCompressedOops                        = true                           {product lp64_product} {ergonomic}
     bool UseG1GC                                  = true                                      {product} {ergonomic}
     bool UseLargePagesIndividualAllocation        = false                                  {pd product} {ergonomic}

Logging:
Log output configuration:
 #0: stdout all=warning uptime,level,tags
 #1: stderr all=off uptime,level,tags

Environment Variables:
PATH=C:\Program Files (x86)\Razer\ChromaBroadcast\bin;C:\Program Files\Razer\ChromaBroadcast\bin;C:\Program Files\Common Files\Oracle\Java\javapath;C:\Program Files (x86)\Common Files\Oracle\Java\javapath;C:\WINDOWS\system32;C:\WINDOWS;C:\WINDOWS\System32\Wbem;C:\WINDOWS\System32\WindowsPowerShell\v1.0\;C:\WINDOWS\System32\OpenSSH\;C:\Program Files\Microsoft SQL Server\130\Tools\Binn\;C:\Program Files\Git\cmd;C:\Program Files\NVIDIA Corporation\NVIDIA NvDLISR;C:\Program Files (x86)\NVIDIA Corporation\PhysX\Common;C:\Program Files\dotnet\;C:\Users\Felipe\AppData\Local\Programs\Python\Python39\Scripts\;C:\Users\Felipe\AppData\Local\Programs\Python\Python39\;C:\Users\Felipe\AppData\Local\Microsoft\WindowsApps;C:\Program Files\JetBrains\IntelliJ IDEA Community Edition 2021.2.2\bin;C:\Users\Felipe\AppData\Local\Programs\Microsoft VS Code\bin;C:\Program Files (x86)\dotnet\;C:\Users\Felipe\AppData\Local\Programs\Python\Python39\Scripts\;C:\Users\Felipe\AppData\Local\Programs\Python\Python39\;C:\Users\Felipe\AppData\Local\Microsoft\WindowsApps;C:\Program Files\JetBrains\IntelliJ IDEA Community Edition 2022.1.3\bin;;C:\Users\Felipe\AppData\Local\Programs\Microsoft VS Code\bin;C:\Program Files\JetBrains\PyCharm 2022.2.1\bin;
USERNAME=Felipe
OS=Windows_NT
PROCESSOR_IDENTIFIER=Intel64 Family 6 Model 158 Stepping 10, GenuineIntel



---------------  S Y S T E M  ---------------

OS:
 Windows 10 , 64 bit Build 19041 (10.0.19041.1889)
OS uptime: 0 days 19:10 hours

CPU: total 12 (initial active 12) (6 cores per cpu, 2 threads per core) family 6 model 158 stepping 10 microcode 0xb4, cx8, cmov, fxsr, ht, mmx, 3dnowpref, sse, sse2, sse3, ssse3, sse4.1, sse4.2, popcnt, lzcnt, tsc, tscinvbit, avx, avx2, aes, erms, clmul, bmi1, bmi2, rtm, adx, fma, vzeroupper, clflush, clflushopt

Memory: 4k page, system-wide physical 16333M (3896M free)
TotalPageFile size 18368M (AvailPageFile size 146M)
current process WorkingSet (physical memory assigned to process): 10M, peak: 10M
current process commit charge ("private bytes"): 59M, peak: 315M

vm_info: OpenJDK 64-Bit Server VM (17+35-2724) for windows-amd64 JRE (17+35-2724), built on Aug  5 2021 23:26:02 by "mach5one" with MS VC++ 16.8 (VS2019)

END.
